#
# There is insufficient memory for the Java Runtime Environment to continue.
# Native memory allocation (malloc) failed to allocate 1048576 bytes. Error detail: AllocateHeap
# Possible reasons:
#   The system is out of physical RAM or swap space
#   This process is running with CompressedOops enabled, and the Java Heap may be blocking the growth of the native heap
# Possible solutions:
#   Reduce memory load on the system
#   Increase physical memory or swap space
#   Check if swap backing store is full
#   Decrease Java heap size (-Xmx/-Xms)
#   Decrease number of Java threads
#   Decrease Java thread stack sizes (-Xss)
#   Set larger code cache with -XX:ReservedCodeCacheSize=
#   JVM is running with Unscaled Compressed Oops mode in which the Java heap is
#     placed in the first 4GB address space. The Java Heap base address is the
#     maximum limit for the native heap growth. Please use -XX:HeapBaseMinAddress
#     to set the Java Heap base and to place the Java Heap above 4GB virtual address.
# This output file may be truncated or incomplete.
#
#  Out of Memory Error (allocation.cpp:44), pid=10724, tid=9600
#
# JRE version: OpenJDK Runtime Environment Temurin-21.0.8+9 (21.0.8+9) (build 21.0.8+9-LTS)
# Java VM: OpenJDK 64-Bit Server VM Temurin-21.0.8+9 (21.0.8+9-LTS, mixed mode, sharing, tiered, compressed oops, compressed class ptrs, parallel gc, windows-amd64)
# No core dump will be written. Minidumps are not enabled by default on client versions of Windows
#

---------------  S U M M A R Y ------------

Command Line: --add-modules=ALL-SYSTEM --add-opens=java.base/java.util=ALL-UNNAMED --add-opens=java.base/java.lang=ALL-UNNAMED --add-opens=java.base/sun.nio.fs=ALL-UNNAMED -Declipse.application=org.eclipse.jdt.ls.core.id1 -Dosgi.bundles.defaultStartLevel=4 -Declipse.product=org.eclipse.jdt.ls.core.product -Djava.import.generatesMetadataFilesAtProjectRoot=false -DDetectVMInstallationsJob.disabled=true -Dfile.encoding=utf8 -XX:+UseParallelGC -XX:GCTimeRatio=4 -XX:AdaptiveSizePolicyWeight=90 -Dsun.zip.disableMemoryMapping=true -Xmx2G -Xms100m -Xlog:disable -javaagent:c:\Users\Admin\.vscode\extensions\redhat.java-1.45.0-win32-x64\lombok\lombok-1.18.39-4050.jar -XX:+HeapDumpOnOutOfMemoryError -XX:HeapDumpPath=c:\Users\Admin\AppData\Roaming\Code\User\workspaceStorage\3b79c0c5324de189f32e620d22eb619d\redhat.java -Daether.dependencyCollector.impl=bf c:\Users\Admin\.vscode\extensions\redhat.java-1.45.0-win32-x64\server\plugins\org.eclipse.equinox.launcher_1.7.0.v20250519-0528.jar -configuration c:\Users\Admin\AppData\Roaming\Code\User\globalStorage\redhat.java\1.45.0\config_win -data c:\Users\Admin\AppData\Roaming\Code\User\workspaceStorage\3b79c0c5324de189f32e620d22eb619d\redhat.java\jdt_ws --pipe=\\.\pipe\lsp-35c399f0226dd1f25e01cc7a01cc73b5-sock

Host: AMD Athlon Silver 3050U with Radeon Graphics   , 2 cores, 3G,  Windows 11 , 64 bit Build 26100 (10.0.26100.5074)
Time: Mon Sep 15 13:01:57 2025 India Standard Time elapsed time: 6904.651626 seconds (0d 1h 55m 4s)

---------------  T H R E A D  ---------------

Current thread (0x0000024dbc9d21b0):  JavaThread "Attach Listener" daemon [_thread_in_vm, id=9600, stack(0x000000fa15800000,0x000000fa15900000) (1024K)]

Stack: [0x000000fa15800000,0x000000fa15900000]
Native frames: (J=compiled Java code, j=interpreted, Vv=VM code, C=native code)
V  [jvm.dll+0x6d2449]
V  [jvm.dll+0x8ae341]
V  [jvm.dll+0x8b08be]
V  [jvm.dll+0x8b0fa3]
V  [jvm.dll+0x280c96]
V  [jvm.dll+0xc0347]
V  [jvm.dll+0x6d2cf9]
V  [jvm.dll+0x131116]
V  [jvm.dll+0x3f2d16]
V  [jvm.dll+0x857e6b]
V  [jvm.dll+0x6d0b0d]
C  [ucrtbase.dll+0x37b0]
C  [KERNEL32.DLL+0x2e8d7]
C  [ntdll.dll+0x8d9c]


---------------  P R O C E S S  ---------------

Threads class SMR info:
_java_thread_list=0x0000024d85ad8200, length=28, elements={
0x0000024da602e470, 0x0000024da60ec590, 0x0000024dbc9ceda0, 0x0000024dbc9d1560,
0x0000024dbc9d21b0, 0x0000024dbc9daf00, 0x0000024dbc9dfe70, 0x0000024dbc9e0ca0,
0x0000024dbca50a90, 0x0000024dfe110080, 0x0000024dfe293fd0, 0x0000024dfe5d4a10,
0x0000024dfe916cd0, 0x0000024dfe611950, 0x0000024dfe61c980, 0x0000024dfee88090,
0x0000024dff109120, 0x0000024dfe591bc0, 0x0000024dfe592f70, 0x0000024dfe593c90,
0x0000024dfe593600, 0x0000024d84099730, 0x0000024d8409a450, 0x0000024d84097660,
0x0000024d84097cf0, 0x0000024d8409aae0, 0x0000024d84099dc0, 0x0000024d8409b170
}

Java Threads: ( => current thread )
  0x0000024da602e470 JavaThread "main"                              [_thread_blocked, id=10696, stack(0x000000fa15100000,0x000000fa15200000) (1024K)]
  0x0000024da60ec590 JavaThread "Reference Handler"          daemon [_thread_blocked, id=7900, stack(0x000000fa15500000,0x000000fa15600000) (1024K)]
  0x0000024dbc9ceda0 JavaThread "Finalizer"                  daemon [_thread_blocked, id=9572, stack(0x000000fa15600000,0x000000fa15700000) (1024K)]
  0x0000024dbc9d1560 JavaThread "Signal Dispatcher"          daemon [_thread_blocked, id=8540, stack(0x000000fa15700000,0x000000fa15800000) (1024K)]
=>0x0000024dbc9d21b0 JavaThread "Attach Listener"            daemon [_thread_in_vm, id=9600, stack(0x000000fa15800000,0x000000fa15900000) (1024K)]
  0x0000024dbc9daf00 JavaThread "Service Thread"             daemon [_thread_blocked, id=8536, stack(0x000000fa15900000,0x000000fa15a00000) (1024K)]
  0x0000024dbc9dfe70 JavaThread "Monitor Deflation Thread"   daemon [_thread_blocked, id=9384, stack(0x000000fa15a00000,0x000000fa15b00000) (1024K)]
  0x0000024dbc9e0ca0 JavaThread "C2 CompilerThread0"         daemon [_thread_blocked, id=2040, stack(0x000000fa15b00000,0x000000fa15c00000) (1024K)]
  0x0000024dbca50a90 JavaThread "C1 CompilerThread0"         daemon [_thread_blocked, id=9380, stack(0x000000fa15c00000,0x000000fa15d00000) (1024K)]
  0x0000024dfe110080 JavaThread "Common-Cleaner"             daemon [_thread_blocked, id=8032, stack(0x000000fa15d00000,0x000000fa15e00000) (1024K)]
  0x0000024dfe293fd0 JavaThread "Notification Thread"        daemon [_thread_blocked, id=9372, stack(0x000000fa15e00000,0x000000fa15f00000) (1024K)]
  0x0000024dfe5d4a10 JavaThread "Active Thread: Equinox Container: e59efd12-d697-4df0-be40-40f626ce74e6"        [_thread_blocked, id=10764, stack(0x000000fa16000000,0x000000fa16100000) (1024K)]
  0x0000024dfe916cd0 JavaThread "Refresh Thread: Equinox Container: e59efd12-d697-4df0-be40-40f626ce74e6" daemon [_thread_blocked, id=10336, stack(0x000000fa16200000,0x000000fa16300000) (1024K)]
  0x0000024dfe611950 JavaThread "Framework Event Dispatcher: Equinox Container: e59efd12-d697-4df0-be40-40f626ce74e6" daemon [_thread_blocked, id=10340, stack(0x000000fa16300000,0x000000fa16400000) (1024K)]
  0x0000024dfe61c980 JavaThread "Start Level: Equinox Container: e59efd12-d697-4df0-be40-40f626ce74e6" daemon [_thread_blocked, id=4104, stack(0x000000fa16400000,0x000000fa16500000) (1024K)]
  0x0000024dfee88090 JavaThread "Bundle File Closer"         daemon [_thread_blocked, id=1668, stack(0x000000fa14f00000,0x000000fa15000000) (1024K)]
  0x0000024dff109120 JavaThread "SCR Component Actor"        daemon [_thread_blocked, id=7924, stack(0x000000fa15000000,0x000000fa15100000) (1024K)]
  0x0000024dfe591bc0 JavaThread "Worker-JM"                         [_thread_blocked, id=8096, stack(0x000000fa16600000,0x000000fa16700000) (1024K)]
  0x0000024dfe592f70 JavaThread "JNA Cleaner"                daemon [_thread_blocked, id=2680, stack(0x000000fa16800000,0x000000fa16900000) (1024K)]
  0x0000024dfe593c90 JavaThread "Java indexing"              daemon [_thread_blocked, id=2224, stack(0x000000fa16c00000,0x000000fa16d00000) (1024K)]
  0x0000024dfe593600 JavaThread "Worker-3"                          [_thread_blocked, id=11212, stack(0x000000fa16e00000,0x000000fa16f00000) (1024K)]
  0x0000024d84099730 JavaThread "Worker-4"                          [_thread_blocked, id=2792, stack(0x000000fa16f00000,0x000000fa17000000) (1024K)]
  0x0000024d8409a450 JavaThread "Thread-3"                   daemon [_thread_in_native, id=2312, stack(0x000000fa17000000,0x000000fa17100000) (1024K)]
  0x0000024d84097660 JavaThread "Thread-4"                   daemon [_thread_in_native, id=2636, stack(0x000000fa17100000,0x000000fa17200000) (1024K)]
  0x0000024d84097cf0 JavaThread "Thread-5"                   daemon [_thread_in_native, id=2484, stack(0x000000fa17200000,0x000000fa17300000) (1024K)]
  0x0000024d8409aae0 JavaThread "pool-2-thread-1"                   [_thread_blocked, id=2280, stack(0x000000fa17300000,0x000000fa17400000) (1024K)]
  0x0000024d84099dc0 JavaThread "WorkspaceEventsHandler"            [_thread_blocked, id=2832, stack(0x000000fa17400000,0x000000fa17500000) (1024K)]
  0x0000024d8409b170 JavaThread "pool-1-thread-1"                   [_thread_blocked, id=5356, stack(0x000000fa17500000,0x000000fa17600000) (1024K)]
Total: 28

Other Threads:
  0x0000024dbc9cda80 VMThread "VM Thread"                           [id=9532, stack(0x000000fa15400000,0x000000fa15500000) (1024K)]
  0x0000024dbc9aca00 WatcherThread "VM Periodic Task Thread"        [id=7764, stack(0x000000fa15300000,0x000000fa15400000) (1024K)]
  0x0000024da604d690 WorkerThread "GC Thread#0"                     [id=10664, stack(0x000000fa15200000,0x000000fa15300000) (1024K)]
  0x0000024dfe6cfc80 WorkerThread "GC Thread#1"                     [id=10656, stack(0x000000fa15f00000,0x000000fa16000000) (1024K)]
Total: 4

Threads with active compile tasks:
Total: 0

VM state: not at safepoint (normal execution)

VM Mutex/Monitor currently owned by a thread: None

Heap address: 0x0000000080000000, size: 2048 MB, Compressed Oops mode: 32-bit

CDS archive(s) mapped at: [0x0000024dbd000000-0x0000024dbdba0000-0x0000024dbdba0000), size 12189696, SharedBaseAddress: 0x0000024dbd000000, ArchiveRelocationMode: 1.
Compressed class space mapped at: 0x0000024dbe000000-0x0000024dfe000000, reserved size: 1073741824
Narrow klass base: 0x0000024dbd000000, Narrow klass shift: 0, Narrow klass range: 0x100000000

GC Precious Log:
 CardTable entry size: 512
 CPUs: 2 total, 2 available
 Memory: 3534M
 Large Page Support: Disabled
 NUMA Support: Disabled
 Compressed Oops: Enabled (32-bit)
 Alignments: Space 512K, Generation 512K, Heap 2M
 Heap Min Capacity: 100M
 Heap Initial Capacity: 100M
 Heap Max Capacity: 2G
 Pre-touch: Disabled
 Parallel Workers: 2

Heap:
 PSYoungGen      total 2560K, used 293K [0x00000000d5580000, 0x00000000d5a00000, 0x0000000100000000)
  eden space 2048K, 9% used [0x00000000d5580000,0x00000000d55b1710,0x00000000d5780000)
  from space 512K, 18% used [0x00000000d5980000,0x00000000d5998000,0x00000000d5a00000)
  to   space 512K, 0% used [0x00000000d5900000,0x00000000d5900000,0x00000000d5980000)
 ParOldGen       total 393216K, used 392736K [0x0000000080000000, 0x0000000098000000, 0x00000000d5580000)
  object space 393216K, 99% used [0x0000000080000000,0x0000000097f881f0,0x0000000098000000)
 Metaspace       used 72342K, committed 73920K, reserved 1179648K
  class space    used 7143K, committed 7808K, reserved 1048576K

Card table byte_map: [0x0000024da59e0000,0x0000024da5df0000] _byte_map_base: 0x0000024da55e0000

Marking Bits: (ParMarkBitMap*) 0x00007ffd8c2da340
 Begin Bits: [0x0000024db84d0000, 0x0000024dba4d0000)
 End Bits:   [0x0000024dba4d0000, 0x0000024dbc4d0000)

Polling page: 0x0000024da4010000

Metaspace:

Usage:
  Non-class:     63.67 MB used.
      Class:      6.98 MB used.
       Both:     70.65 MB used.

Virtual space:
  Non-class space:      128.00 MB reserved,      64.56 MB ( 50%) committed,  2 nodes.
      Class space:        1.00 GB reserved,       7.62 MB ( <1%) committed,  1 nodes.
             Both:        1.12 GB reserved,      72.19 MB (  6%) committed. 

Chunk freelists:
   Non-Class:  15.22 MB
       Class:  8.31 MB
        Both:  23.53 MB

MaxMetaspaceSize: unlimited
CompressedClassSpaceSize: 1.00 GB
Initial GC threshold: 21.00 MB
Current GC threshold: 114.69 MB
CDS: on
 - commit_granule_bytes: 65536.
 - commit_granule_words: 8192.
 - virtual_space_node_default_size: 8388608.
 - enlarge_chunks_in_place: 1.
 - use_allocation_guard: 0.


Internal statistics:

num_allocs_failed_limit: 9.
num_arena_births: 1510.
num_arena_deaths: 18.
num_vsnodes_births: 3.
num_vsnodes_deaths: 0.
num_space_committed: 1155.
num_space_uncommitted: 0.
num_chunks_returned_to_freelist: 28.
num_chunks_taken_from_freelist: 5022.
num_chunk_merges: 10.
num_chunk_splits: 3090.
num_chunks_enlarged: 1789.
num_inconsistent_stats: 0.

CodeHeap 'non-profiled nmethods': size=120064Kb used=21443Kb max_used=21443Kb free=98620Kb
 bounds [0x0000024db0ce0000, 0x0000024db21e0000, 0x0000024db8220000]
CodeHeap 'profiled nmethods': size=120000Kb used=45227Kb max_used=45227Kb free=74772Kb
 bounds [0x0000024da9220000, 0x0000024dabe50000, 0x0000024db0750000]
CodeHeap 'non-nmethods': size=5696Kb used=1435Kb max_used=1500Kb free=4260Kb
 bounds [0x0000024db0750000, 0x0000024db09c0000, 0x0000024db0ce0000]
CodeCache: size=245760Kb, used=68105Kb, max_used=68170Kb, free=177652Kb
 total_blobs=17835, nmethods=17085, adapters=651, full_count=0
Compilation: enabled, stopped_count=0, restarted_count=0

Compilation events (20 events):
Event: 3939.183 Thread 0x0000024dbca50a90 19373       3       java.util.concurrent.ScheduledThreadPoolExecutor$ScheduledFutureTask::setNextRunTime (38 bytes)
Event: 3939.195 Thread 0x0000024dbca50a90 nmethod 19373 0x0000024dabe3d090 code [0x0000024dabe3d240, 0x0000024dabe3d450]
Event: 3939.196 Thread 0x0000024dbca50a90 19374       3       java.util.concurrent.ScheduledThreadPoolExecutor::reExecutePeriodic (49 bytes)
Event: 3939.208 Thread 0x0000024dbca50a90 nmethod 19374 0x0000024dabe3d510 code [0x0000024dabe3d740, 0x0000024dabe3ddc0]
Event: 3985.169 Thread 0x0000024dbca50a90 19375       1       com.sun.jna.internal.Cleaner::access$200 (5 bytes)
Event: 3985.189 Thread 0x0000024dbca50a90 nmethod 19375 0x0000024db21d0a10 code [0x0000024db21d0ba0, 0x0000024db21d0c50]
Event: 3989.559 Thread 0x0000024dbca50a90 19376   !   3       org.eclipse.jdt.ls.core.internal.ParentProcessWatcher::parentProcessStillRunning (492 bytes)
Event: 3989.851 Thread 0x0000024dbca50a90 nmethod 19376 0x0000024dabe3e010 code [0x0000024dabe3e920, 0x0000024dabe42620]
Event: 4040.524 Thread 0x0000024dbca50a90 19377       3       org.eclipse.core.internal.jobs.JobListeners::queueEvent (15 bytes)
Event: 4040.537 Thread 0x0000024dbca50a90 nmethod 19377 0x0000024dabe43e10 code [0x0000024dabe43fc0, 0x0000024dabe441a8]
Event: 4340.602 Thread 0x0000024dbca50a90 19378   !   3       org.eclipse.core.internal.jobs.JobManager::nextJob (291 bytes)
Event: 4340.700 Thread 0x0000024dbca50a90 nmethod 19378 0x0000024dabe44290 code [0x0000024dabe44720, 0x0000024dabe46828]
Event: 4880.474 Thread 0x0000024dbca50a90 19379   !   3       java.util.concurrent.ScheduledThreadPoolExecutor$DelayedWorkQueue::take (203 bytes)
Event: 4880.531 Thread 0x0000024dbca50a90 nmethod 19379 0x0000024dabe47910 code [0x0000024dabe47cc0, 0x0000024dabe49540]
Event: 5968.051 Thread 0x0000024dbca50a90 19380   !   3       java.util.logging.LogManager::getUserContext (118 bytes)
Event: 5968.107 Thread 0x0000024dbca50a90 nmethod 19380 0x0000024dabe4a090 code [0x0000024dabe4a240, 0x0000024dabe4a4b0]
Event: 5968.108 Thread 0x0000024dbca50a90 19381       3       jdk.internal.access.SharedSecrets::getJavaAWTAccess (4 bytes)
Event: 5968.108 Thread 0x0000024dbca50a90 nmethod 19381 0x0000024daa3e6a90 code [0x0000024daa3e6c20, 0x0000024daa3e6d18]
Event: 6869.825 Thread 0x0000024dbca50a90 19382   !   3       java.util.logging.LogManager$LoggerContext::findLogger (113 bytes)
Event: 6869.884 Thread 0x0000024dbca50a90 nmethod 19382 0x0000024dabe4a610 code [0x0000024dabe4a8c0, 0x0000024dabe4b820]

GC Heap History (20 events):
Event: 512.966 GC heap before
{Heap before GC invocations=953 (full 4):
 PSYoungGen      total 3072K, used 2562K [0x00000000d5580000, 0x00000000d5980000, 0x0000000100000000)
  eden space 2048K, 98% used [0x00000000d5580000,0x00000000d5778a80,0x00000000d5780000)
  from space 1024K, 53% used [0x00000000d5880000,0x00000000d5908000,0x00000000d5980000)
  to   space 1024K, 0% used [0x00000000d5780000,0x00000000d5780000,0x00000000d5880000)
 ParOldGen       total 388096K, used 387741K [0x0000000080000000, 0x0000000097b00000, 0x00000000d5580000)
  object space 388096K, 99% used [0x0000000080000000,0x0000000097aa7528,0x0000000097b00000)
 Metaspace       used 71996K, committed 73600K, reserved 1179648K
  class space    used 7113K, committed 7808K, reserved 1048576K
}
Event: 512.970 GC heap after
{Heap after GC invocations=953 (full 4):
 PSYoungGen      total 3072K, used 1023K [0x00000000d5580000, 0x00000000d5a80000, 0x0000000100000000)
  eden space 2048K, 0% used [0x00000000d5580000,0x00000000d5580000,0x00000000d5780000)
  from space 1024K, 99% used [0x00000000d5780000,0x00000000d587fe58,0x00000000d5880000)
  to   space 1536K, 0% used [0x00000000d5900000,0x00000000d5900000,0x00000000d5a80000)
 ParOldGen       total 388608K, used 388230K [0x0000000080000000, 0x0000000097b80000, 0x00000000d5580000)
  object space 388608K, 99% used [0x0000000080000000,0x0000000097b21b98,0x0000000097b80000)
 Metaspace       used 71996K, committed 73600K, reserved 1179648K
  class space    used 7113K, committed 7808K, reserved 1048576K
}
Event: 512.980 GC heap before
{Heap before GC invocations=954 (full 4):
 PSYoungGen      total 3072K, used 3071K [0x00000000d5580000, 0x00000000d5a80000, 0x0000000100000000)
  eden space 2048K, 100% used [0x00000000d5580000,0x00000000d5780000,0x00000000d5780000)
  from space 1024K, 99% used [0x00000000d5780000,0x00000000d587fe58,0x00000000d5880000)
  to   space 1536K, 0% used [0x00000000d5900000,0x00000000d5900000,0x00000000d5a80000)
 ParOldGen       total 388608K, used 388230K [0x0000000080000000, 0x0000000097b80000, 0x00000000d5580000)
  object space 388608K, 99% used [0x0000000080000000,0x0000000097b21b98,0x0000000097b80000)
 Metaspace       used 71996K, committed 73600K, reserved 1179648K
  class space    used 7113K, committed 7808K, reserved 1048576K
}
Event: 512.984 GC heap after
{Heap after GC invocations=954 (full 4):
 PSYoungGen      total 3584K, used 1044K [0x00000000d5580000, 0x00000000d5b00000, 0x0000000100000000)
  eden space 2048K, 0% used [0x00000000d5580000,0x00000000d5580000,0x00000000d5780000)
  from space 1536K, 67% used [0x00000000d5900000,0x00000000d5a05128,0x00000000d5a80000)
  to   space 1536K, 0% used [0x00000000d5780000,0x00000000d5780000,0x00000000d5900000)
 ParOldGen       total 389632K, used 389157K [0x0000000080000000, 0x0000000097c80000, 0x00000000d5580000)
  object space 389632K, 99% used [0x0000000080000000,0x0000000097c09530,0x0000000097c80000)
 Metaspace       used 71996K, committed 73600K, reserved 1179648K
  class space    used 7113K, committed 7808K, reserved 1048576K
}
Event: 513.065 GC heap before
{Heap before GC invocations=955 (full 4):
 PSYoungGen      total 3584K, used 3092K [0x00000000d5580000, 0x00000000d5b00000, 0x0000000100000000)
  eden space 2048K, 100% used [0x00000000d5580000,0x00000000d5780000,0x00000000d5780000)
  from space 1536K, 67% used [0x00000000d5900000,0x00000000d5a05128,0x00000000d5a80000)
  to   space 1536K, 0% used [0x00000000d5780000,0x00000000d5780000,0x00000000d5900000)
 ParOldGen       total 389632K, used 389157K [0x0000000080000000, 0x0000000097c80000, 0x00000000d5580000)
  object space 389632K, 99% used [0x0000000080000000,0x0000000097c09530,0x0000000097c80000)
 Metaspace       used 71997K, committed 73600K, reserved 1179648K
  class space    used 7113K, committed 7808K, reserved 1048576K
}
Event: 513.068 GC heap after
{Heap after GC invocations=955 (full 4):
 PSYoungGen      total 3072K, used 627K [0x00000000d5580000, 0x00000000d5980000, 0x0000000100000000)
  eden space 2048K, 0% used [0x00000000d5580000,0x00000000d5580000,0x00000000d5780000)
  from space 1024K, 61% used [0x00000000d5780000,0x00000000d581cc00,0x00000000d5880000)
  to   space 1024K, 0% used [0x00000000d5880000,0x00000000d5880000,0x00000000d5980000)
 ParOldGen       total 390656K, used 390151K [0x0000000080000000, 0x0000000097d80000, 0x00000000d5580000)
  object space 390656K, 99% used [0x0000000080000000,0x0000000097d01ee0,0x0000000097d80000)
 Metaspace       used 71997K, committed 73600K, reserved 1179648K
  class space    used 7113K, committed 7808K, reserved 1048576K
}
Event: 513.078 GC heap before
{Heap before GC invocations=956 (full 4):
 PSYoungGen      total 3072K, used 2675K [0x00000000d5580000, 0x00000000d5980000, 0x0000000100000000)
  eden space 2048K, 100% used [0x00000000d5580000,0x00000000d5780000,0x00000000d5780000)
  from space 1024K, 61% used [0x00000000d5780000,0x00000000d581cc00,0x00000000d5880000)
  to   space 1024K, 0% used [0x00000000d5880000,0x00000000d5880000,0x00000000d5980000)
 ParOldGen       total 390656K, used 390151K [0x0000000080000000, 0x0000000097d80000, 0x00000000d5580000)
  object space 390656K, 99% used [0x0000000080000000,0x0000000097d01ee0,0x0000000097d80000)
 Metaspace       used 71997K, committed 73600K, reserved 1179648K
  class space    used 7113K, committed 7808K, reserved 1048576K
}
Event: 513.081 GC heap after
{Heap after GC invocations=956 (full 4):
 PSYoungGen      total 3072K, used 868K [0x00000000d5580000, 0x00000000d5980000, 0x0000000100000000)
  eden space 2048K, 0% used [0x00000000d5580000,0x00000000d5580000,0x00000000d5780000)
  from space 1024K, 84% used [0x00000000d5880000,0x00000000d5959030,0x00000000d5980000)
  to   space 1024K, 0% used [0x00000000d5780000,0x00000000d5780000,0x00000000d5880000)
 ParOldGen       total 391168K, used 390766K [0x0000000080000000, 0x0000000097e00000, 0x00000000d5580000)
  object space 391168K, 99% used [0x0000000080000000,0x0000000097d9b968,0x0000000097e00000)
 Metaspace       used 71997K, committed 73600K, reserved 1179648K
  class space    used 7113K, committed 7808K, reserved 1048576K
}
Event: 513.093 GC heap before
{Heap before GC invocations=957 (full 4):
 PSYoungGen      total 3072K, used 2916K [0x00000000d5580000, 0x00000000d5980000, 0x0000000100000000)
  eden space 2048K, 100% used [0x00000000d5580000,0x00000000d5780000,0x00000000d5780000)
  from space 1024K, 84% used [0x00000000d5880000,0x00000000d5959030,0x00000000d5980000)
  to   space 1024K, 0% used [0x00000000d5780000,0x00000000d5780000,0x00000000d5880000)
 ParOldGen       total 391168K, used 390766K [0x0000000080000000, 0x0000000097e00000, 0x00000000d5580000)
  object space 391168K, 99% used [0x0000000080000000,0x0000000097d9b968,0x0000000097e00000)
 Metaspace       used 71997K, committed 73600K, reserved 1179648K
  class space    used 7113K, committed 7808K, reserved 1048576K
}
Event: 513.096 GC heap after
{Heap after GC invocations=957 (full 4):
 PSYoungGen      total 3072K, used 768K [0x00000000d5580000, 0x00000000d5980000, 0x0000000100000000)
  eden space 2048K, 0% used [0x00000000d5580000,0x00000000d5580000,0x00000000d5780000)
  from space 1024K, 75% used [0x00000000d5780000,0x00000000d5840000,0x00000000d5880000)
  to   space 1024K, 0% used [0x00000000d5880000,0x00000000d5880000,0x00000000d5980000)
 ParOldGen       total 391168K, used 390790K [0x0000000080000000, 0x0000000097e00000, 0x00000000d5580000)
  object space 391168K, 99% used [0x0000000080000000,0x0000000097da1968,0x0000000097e00000)
 Metaspace       used 71997K, committed 73600K, reserved 1179648K
  class space    used 7113K, committed 7808K, reserved 1048576K
}
Event: 513.168 GC heap before
{Heap before GC invocations=958 (full 4):
 PSYoungGen      total 3072K, used 2797K [0x00000000d5580000, 0x00000000d5980000, 0x0000000100000000)
  eden space 2048K, 99% used [0x00000000d5580000,0x00000000d577b698,0x00000000d5780000)
  from space 1024K, 75% used [0x00000000d5780000,0x00000000d5840000,0x00000000d5880000)
  to   space 1024K, 0% used [0x00000000d5880000,0x00000000d5880000,0x00000000d5980000)
 ParOldGen       total 391168K, used 390790K [0x0000000080000000, 0x0000000097e00000, 0x00000000d5580000)
  object space 391168K, 99% used [0x0000000080000000,0x0000000097da1968,0x0000000097e00000)
 Metaspace       used 71997K, committed 73600K, reserved 1179648K
  class space    used 7113K, committed 7808K, reserved 1048576K
}
Event: 513.170 GC heap after
{Heap after GC invocations=958 (full 4):
 PSYoungGen      total 2560K, used 204K [0x00000000d5580000, 0x00000000d5900000, 0x0000000100000000)
  eden space 2048K, 0% used [0x00000000d5580000,0x00000000d5580000,0x00000000d5780000)
  from space 512K, 39% used [0x00000000d5880000,0x00000000d58b3320,0x00000000d5900000)
  to   space 512K, 0% used [0x00000000d5800000,0x00000000d5800000,0x00000000d5880000)
 ParOldGen       total 391168K, used 390814K [0x0000000080000000, 0x0000000097e00000, 0x00000000d5580000)
  object space 391168K, 99% used [0x0000000080000000,0x0000000097da7968,0x0000000097e00000)
 Metaspace       used 71997K, committed 73600K, reserved 1179648K
  class space    used 7113K, committed 7808K, reserved 1048576K
}
Event: 513.200 GC heap before
{Heap before GC invocations=959 (full 4):
 PSYoungGen      total 2560K, used 2252K [0x00000000d5580000, 0x00000000d5900000, 0x0000000100000000)
  eden space 2048K, 100% used [0x00000000d5580000,0x00000000d5780000,0x00000000d5780000)
  from space 512K, 39% used [0x00000000d5880000,0x00000000d58b3320,0x00000000d5900000)
  to   space 512K, 0% used [0x00000000d5800000,0x00000000d5800000,0x00000000d5880000)
 ParOldGen       total 391168K, used 390814K [0x0000000080000000, 0x0000000097e00000, 0x00000000d5580000)
  object space 391168K, 99% used [0x0000000080000000,0x0000000097da7968,0x0000000097e00000)
 Metaspace       used 71997K, committed 73600K, reserved 1179648K
  class space    used 7113K, committed 7808K, reserved 1048576K
}
Event: 513.205 GC heap after
{Heap after GC invocations=959 (full 4):
 PSYoungGen      total 2560K, used 505K [0x00000000d5580000, 0x00000000d5b80000, 0x0000000100000000)
  eden space 2048K, 0% used [0x00000000d5580000,0x00000000d5580000,0x00000000d5780000)
  from space 512K, 98% used [0x00000000d5800000,0x00000000d587e660,0x00000000d5880000)
  to   space 2048K, 0% used [0x00000000d5980000,0x00000000d5980000,0x00000000d5b80000)
 ParOldGen       total 392192K, used 392048K [0x0000000080000000, 0x0000000097f00000, 0x00000000d5580000)
  object space 392192K, 99% used [0x0000000080000000,0x0000000097edc0c8,0x0000000097f00000)
 Metaspace       used 71997K, committed 73600K, reserved 1179648K
  class space    used 7113K, committed 7808K, reserved 1048576K
}
Event: 627.299 GC heap before
{Heap before GC invocations=960 (full 4):
 PSYoungGen      total 2560K, used 2553K [0x00000000d5580000, 0x00000000d5b80000, 0x0000000100000000)
  eden space 2048K, 100% used [0x00000000d5580000,0x00000000d5780000,0x00000000d5780000)
  from space 512K, 98% used [0x00000000d5800000,0x00000000d587e660,0x00000000d5880000)
  to   space 2048K, 0% used [0x00000000d5980000,0x00000000d5980000,0x00000000d5b80000)
 ParOldGen       total 392192K, used 392048K [0x0000000080000000, 0x0000000097f00000, 0x00000000d5580000)
  object space 392192K, 99% used [0x0000000080000000,0x0000000097edc0c8,0x0000000097f00000)
 Metaspace       used 72142K, committed 73792K, reserved 1179648K
  class space    used 7132K, committed 7808K, reserved 1048576K
}
Event: 627.576 GC heap after
{Heap after GC invocations=960 (full 4):
 PSYoungGen      total 2560K, used 398K [0x00000000d5580000, 0x00000000d5a00000, 0x0000000100000000)
  eden space 2048K, 0% used [0x00000000d5580000,0x00000000d5580000,0x00000000d5780000)
  from space 512K, 77% used [0x00000000d5980000,0x00000000d59e3990,0x00000000d5a00000)
  to   space 1024K, 0% used [0x00000000d5800000,0x00000000d5800000,0x00000000d5900000)
 ParOldGen       total 392192K, used 392104K [0x0000000080000000, 0x0000000097f00000, 0x00000000d5580000)
  object space 392192K, 99% used [0x0000000080000000,0x0000000097eea0c8,0x0000000097f00000)
 Metaspace       used 72142K, committed 73792K, reserved 1179648K
  class space    used 7132K, committed 7808K, reserved 1048576K
}
Event: 629.558 GC heap before
{Heap before GC invocations=961 (full 4):
 PSYoungGen      total 2560K, used 2446K [0x00000000d5580000, 0x00000000d5a00000, 0x0000000100000000)
  eden space 2048K, 100% used [0x00000000d5580000,0x00000000d5780000,0x00000000d5780000)
  from space 512K, 77% used [0x00000000d5980000,0x00000000d59e3990,0x00000000d5a00000)
  to   space 1024K, 0% used [0x00000000d5800000,0x00000000d5800000,0x00000000d5900000)
 ParOldGen       total 392192K, used 392104K [0x0000000080000000, 0x0000000097f00000, 0x00000000d5580000)
  object space 392192K, 99% used [0x0000000080000000,0x0000000097eea0c8,0x0000000097f00000)
 Metaspace       used 72289K, committed 73920K, reserved 1179648K
  class space    used 7141K, committed 7808K, reserved 1048576K
}
Event: 629.568 GC heap after
{Heap after GC invocations=961 (full 4):
 PSYoungGen      total 3072K, used 320K [0x00000000d5580000, 0x00000000d5a00000, 0x0000000100000000)
  eden space 2048K, 0% used [0x00000000d5580000,0x00000000d5580000,0x00000000d5780000)
  from space 1024K, 31% used [0x00000000d5800000,0x00000000d5850000,0x00000000d5900000)
  to   space 512K, 0% used [0x00000000d5980000,0x00000000d5980000,0x00000000d5a00000)
 ParOldGen       total 392704K, used 392472K [0x0000000080000000, 0x0000000097f80000, 0x00000000d5580000)
  object space 392704K, 99% used [0x0000000080000000,0x0000000097f461f0,0x0000000097f80000)
 Metaspace       used 72289K, committed 73920K, reserved 1179648K
  class space    used 7141K, committed 7808K, reserved 1048576K
}
Event: 6741.689 GC heap before
{Heap before GC invocations=962 (full 4):
 PSYoungGen      total 3072K, used 2368K [0x00000000d5580000, 0x00000000d5a00000, 0x0000000100000000)
  eden space 2048K, 100% used [0x00000000d5580000,0x00000000d5780000,0x00000000d5780000)
  from space 1024K, 31% used [0x00000000d5800000,0x00000000d5850000,0x00000000d5900000)
  to   space 512K, 0% used [0x00000000d5980000,0x00000000d5980000,0x00000000d5a00000)
 ParOldGen       total 392704K, used 392472K [0x0000000080000000, 0x0000000097f80000, 0x00000000d5580000)
  object space 392704K, 99% used [0x0000000080000000,0x0000000097f461f0,0x0000000097f80000)
 Metaspace       used 72338K, committed 73920K, reserved 1179648K
  class space    used 7143K, committed 7808K, reserved 1048576K
}
Event: 6742.017 GC heap after
{Heap after GC invocations=962 (full 4):
 PSYoungGen      total 2560K, used 96K [0x00000000d5580000, 0x00000000d5a00000, 0x0000000100000000)
  eden space 2048K, 0% used [0x00000000d5580000,0x00000000d5580000,0x00000000d5780000)
  from space 512K, 18% used [0x00000000d5980000,0x00000000d5998000,0x00000000d5a00000)
  to   space 512K, 0% used [0x00000000d5900000,0x00000000d5900000,0x00000000d5980000)
 ParOldGen       total 393216K, used 392736K [0x0000000080000000, 0x0000000098000000, 0x00000000d5580000)
  object space 393216K, 99% used [0x0000000080000000,0x0000000097f881f0,0x0000000098000000)
 Metaspace       used 72338K, committed 73920K, reserved 1179648K
  class space    used 7143K, committed 7808K, reserved 1048576K
}

Dll operation events (10 events):
Event: 0.052 Loaded shared library c:\Users\Admin\.vscode\extensions\redhat.java-1.45.0-win32-x64\jre\21.0.8-win32-x86_64\bin\java.dll
Event: 0.828 Loaded shared library c:\Users\Admin\.vscode\extensions\redhat.java-1.45.0-win32-x64\jre\21.0.8-win32-x86_64\bin\zip.dll
Event: 0.923 Loaded shared library C:\Users\Admin\.vscode\extensions\redhat.java-1.45.0-win32-x64\jre\21.0.8-win32-x86_64\bin\instrument.dll
Event: 0.936 Loaded shared library C:\Users\Admin\.vscode\extensions\redhat.java-1.45.0-win32-x64\jre\21.0.8-win32-x86_64\bin\net.dll
Event: 0.944 Loaded shared library C:\Users\Admin\.vscode\extensions\redhat.java-1.45.0-win32-x64\jre\21.0.8-win32-x86_64\bin\nio.dll
Event: 0.952 Loaded shared library C:\Users\Admin\.vscode\extensions\redhat.java-1.45.0-win32-x64\jre\21.0.8-win32-x86_64\bin\zip.dll
Event: 1.134 Loaded shared library C:\Users\Admin\.vscode\extensions\redhat.java-1.45.0-win32-x64\jre\21.0.8-win32-x86_64\bin\jimage.dll
Event: 1.729 Loaded shared library c:\Users\Admin\.vscode\extensions\redhat.java-1.45.0-win32-x64\jre\21.0.8-win32-x86_64\bin\verify.dll
Event: 19.334 Loaded shared library C:\Users\Admin\AppData\Roaming\Code\User\globalStorage\redhat.java\1.45.0\config_win\org.eclipse.equinox.launcher\org.eclipse.equinox.launcher.win32.win32.x86_64_1.2.1400.v20250801-0854\eclipse_11916.dll
Event: 108.782 Loaded shared library C:\Users\Admin\AppData\Local\Temp\jna-63116079\jna14421292408012332312.dll

Deoptimization events (20 events):
Event: 629.159 Thread 0x0000024d84099730 DEOPT PACKING pc=0x0000024db0f0e38c sp=0x000000fa16ffe630
Event: 629.159 Thread 0x0000024d84099730 DEOPT UNPACKING pc=0x0000024db07a3aa2 sp=0x000000fa16ffe590 mode 2
Event: 629.639 Thread 0x0000024d84099730 Uncommon trap: trap_request=0xffffff45 fr.pc=0x0000024db10a65d8 relative=0x0000000000000638
Event: 629.639 Thread 0x0000024d84099730 Uncommon trap: reason=unstable_if action=reinterpret pc=0x0000024db10a65d8 method=org.eclipse.core.internal.localstore.FileSystemResourceManager.getStoreRoot(Lorg/eclipse/core/resources/IResource;)Lorg/eclipse/core/internal/localstore/FileStoreRoot; @ 33 
Event: 629.639 Thread 0x0000024d84099730 DEOPT PACKING pc=0x0000024db10a65d8 sp=0x000000fa16ffec60
Event: 629.639 Thread 0x0000024d84099730 DEOPT UNPACKING pc=0x0000024db07a3aa2 sp=0x000000fa16ffec30 mode 2
Event: 629.659 Thread 0x0000024d84099730 Uncommon trap: trap_request=0xffffffbe fr.pc=0x0000024db1306e90 relative=0x00000000000007d0
Event: 629.659 Thread 0x0000024d84099730 Uncommon trap: reason=profile_predicate action=maybe_recompile pc=0x0000024db1306e90 method=java.util.Properties.load0(Ljava/util/Properties$LineReader;)V @ 14 c2
Event: 629.659 Thread 0x0000024d84099730 DEOPT PACKING pc=0x0000024db1306e90 sp=0x000000fa16ffec50
Event: 629.659 Thread 0x0000024d84099730 DEOPT UNPACKING pc=0x0000024db07a3aa2 sp=0x000000fa16ffebf0 mode 2
Event: 629.792 Thread 0x0000024dfe593600 Uncommon trap: trap_request=0xffffffbe fr.pc=0x0000024db11d731c relative=0x0000000000000bbc
Event: 629.815 Thread 0x0000024dfe593600 Uncommon trap: reason=profile_predicate action=maybe_recompile pc=0x0000024db11d731c method=org.eclipse.core.internal.jobs.DeadlockDetector.computeConflicting(ILjava/util/Collection;)Ljava/util/Collection; @ 109 c2
Event: 629.816 Thread 0x0000024dfe593600 DEOPT PACKING pc=0x0000024db11d731c sp=0x000000fa16efee20
Event: 629.816 Thread 0x0000024dfe593600 DEOPT UNPACKING pc=0x0000024db07a3aa2 sp=0x000000fa16efedc8 mode 2
Event: 1338.525 Thread 0x0000024d84099730 Uncommon trap: trap_request=0xffffffbe fr.pc=0x0000024db11d731c relative=0x0000000000000bbc
Event: 1338.528 Thread 0x0000024d84099730 Uncommon trap: reason=profile_predicate action=maybe_recompile pc=0x0000024db11d731c method=org.eclipse.core.internal.jobs.DeadlockDetector.computeConflicting(ILjava/util/Collection;)Ljava/util/Collection; @ 109 c2
Event: 1338.529 Thread 0x0000024d84099730 DEOPT PACKING pc=0x0000024db11d731c sp=0x000000fa16ffed20
Event: 1338.530 Thread 0x0000024d84099730 DEOPT UNPACKING pc=0x0000024db07a3aa2 sp=0x000000fa16ffecc8 mode 2
Event: 1338.673 Thread 0x0000024d84099730 DEOPT PACKING pc=0x0000024da922b4ab sp=0x000000fa16ffe820
Event: 1338.673 Thread 0x0000024d84099730 DEOPT UNPACKING pc=0x0000024db07a4242 sp=0x000000fa16ffdc90 mode 0

Classes loaded (20 events):
Event: 625.294 Loading class java/util/stream/Nodes$CollectorTask$OfRef
Event: 625.315 Loading class java/util/stream/Nodes$CollectorTask
Event: 625.658 Loading class java/util/stream/Nodes$CollectorTask done
Event: 625.660 Loading class java/util/stream/Nodes$CollectorTask$OfRef done
Event: 625.673 Loading class java/util/function/LongFunction
Event: 625.679 Loading class java/util/function/LongFunction done
Event: 625.697 Loading class java/util/stream/Nodes$ConcNode
Event: 625.709 Loading class java/util/stream/Nodes$AbstractConcNode
Event: 625.722 Loading class java/util/stream/Nodes$AbstractConcNode done
Event: 625.779 Loading class java/util/stream/Nodes$ConcNode done
Event: 627.238 Loading class java/util/stream/Nodes$ToArrayTask$OfRef
Event: 627.252 Loading class java/util/stream/Nodes$ToArrayTask
Event: 627.259 Loading class java/util/stream/Nodes$ToArrayTask done
Event: 627.259 Loading class java/util/stream/Nodes$ToArrayTask$OfRef done
Event: 627.715 Loading class java/io/ObjectOutputStream$BlockDataOutputStream
Event: 627.738 Loading class java/io/ObjectOutputStream$BlockDataOutputStream done
Event: 627.740 Loading class java/io/ObjectOutputStream$HandleTable
Event: 627.754 Loading class java/io/ObjectOutputStream$HandleTable done
Event: 627.759 Loading class java/io/ObjectOutputStream$ReplaceTable
Event: 627.771 Loading class java/io/ObjectOutputStream$ReplaceTable done

Classes unloaded (9 events):
Event: 120.210 Thread 0x0000024dbc9cda80 Unloading class 0x0000024dbe1a5000 'java/lang/invoke/LambdaForm$MH+0x0000024dbe1a5000'
Event: 120.210 Thread 0x0000024dbc9cda80 Unloading class 0x0000024dbe1a4c00 'java/lang/invoke/LambdaForm$MH+0x0000024dbe1a4c00'
Event: 120.210 Thread 0x0000024dbc9cda80 Unloading class 0x0000024dbe1a4800 'java/lang/invoke/LambdaForm$MH+0x0000024dbe1a4800'
Event: 120.210 Thread 0x0000024dbc9cda80 Unloading class 0x0000024dbe1a4400 'java/lang/invoke/LambdaForm$MH+0x0000024dbe1a4400'
Event: 120.210 Thread 0x0000024dbc9cda80 Unloading class 0x0000024dbe1a4000 'java/lang/invoke/LambdaForm$BMH+0x0000024dbe1a4000'
Event: 120.210 Thread 0x0000024dbc9cda80 Unloading class 0x0000024dbe1a3c00 'java/lang/invoke/LambdaForm$DMH+0x0000024dbe1a3c00'
Event: 120.210 Thread 0x0000024dbc9cda80 Unloading class 0x0000024dbe1a2800 'java/lang/invoke/LambdaForm$DMH+0x0000024dbe1a2800'
Event: 310.260 Thread 0x0000024dbc9cda80 Unloading class 0x0000024dbe694400 'java/lang/invoke/LambdaForm$MH+0x0000024dbe694400'
Event: 310.260 Thread 0x0000024dbc9cda80 Unloading class 0x0000024dbe61c400 'java/lang/invoke/LambdaForm$DMH+0x0000024dbe61c400'

Classes redefined (0 events):
No events

Internal exceptions (20 events):
Event: 471.217 Thread 0x0000024d84098380 Implicit null exception at 0x0000024db1078a43 to 0x0000024db1079868
Event: 471.585 Thread 0x0000024d84098380 Implicit null exception at 0x0000024db158adf6 to 0x0000024db158b0f7
Event: 490.375 Thread 0x0000024dfe593c90 Implicit null exception at 0x0000024daa3a639b to 0x0000024daa3a9bfb
Event: 490.375 Thread 0x0000024dfe593c90 Exception <a 'java/lang/NullPointerException'{0x00000000d56280e8}> (0x00000000d56280e8) 
thrown [s\src\hotspot\share\runtime\sharedRuntime.cpp, line 625]
Event: 490.379 Thread 0x0000024dfe593c90 Implicit null exception at 0x0000024daa3a639b to 0x0000024daa3a9bfb
Event: 490.379 Thread 0x0000024dfe593c90 Exception <a 'java/lang/NullPointerException'{0x00000000d562de58}> (0x00000000d562de58) 
thrown [s\src\hotspot\share\runtime\sharedRuntime.cpp, line 625]
Event: 490.448 Thread 0x0000024dfe593c90 Implicit null exception at 0x0000024daa3a639b to 0x0000024daa3a9bfb
Event: 490.448 Thread 0x0000024dfe593c90 Exception <a 'java/lang/NullPointerException'{0x00000000d5666f40}> (0x00000000d5666f40) 
thrown [s\src\hotspot\share\runtime\sharedRuntime.cpp, line 625]
Event: 499.910 Thread 0x0000024dfe593c90 Implicit null exception at 0x0000024daa3a639b to 0x0000024daa3a9bfb
Event: 499.910 Thread 0x0000024dfe593c90 Exception <a 'java/lang/NullPointerException'{0x00000000d5689c90}> (0x00000000d5689c90) 
thrown [s\src\hotspot\share\runtime\sharedRuntime.cpp, line 625]
Event: 499.910 Thread 0x0000024dfe593c90 Implicit null exception at 0x0000024daa3a639b to 0x0000024daa3a9bfb
Event: 499.910 Thread 0x0000024dfe593c90 Exception <a 'java/lang/NullPointerException'{0x00000000d568f900}> (0x00000000d568f900) 
thrown [s\src\hotspot\share\runtime\sharedRuntime.cpp, line 625]
Event: 499.924 Thread 0x0000024dfe593c90 Implicit null exception at 0x0000024daa3a639b to 0x0000024daa3a9bfb
Event: 499.924 Thread 0x0000024dfe593c90 Exception <a 'java/lang/NullPointerException'{0x00000000d5645928}> (0x00000000d5645928) 
thrown [s\src\hotspot\share\runtime\sharedRuntime.cpp, line 625]
Event: 513.173 Thread 0x0000024dfe593c90 Implicit null exception at 0x0000024db20db571 to 0x0000024db20dc730
Event: 513.174 Thread 0x0000024dfe593c90 Implicit null exception at 0x0000024db20dda8c to 0x0000024db20ddc08
Event: 627.029 Thread 0x0000024d84099730 Exception <a 'sun/nio/fs/WindowsException'{0x00000000d575bd00}> (0x00000000d575bd00) 
thrown [s\src\hotspot\share\prims\jni.cpp, line 520]
Event: 627.114 Thread 0x0000024d84099730 Exception <a 'sun/nio/fs/WindowsException'{0x00000000d575c8c8}> (0x00000000d575c8c8) 
thrown [s\src\hotspot\share\prims\jni.cpp, line 520]
Event: 627.154 Thread 0x0000024d84099730 Implicit null exception at 0x0000024db0d23186 to 0x0000024db0d23420
Event: 628.912 Thread 0x0000024d84099730 Exception <a 'java/lang/NoSuchMethodError'{0x00000000d5613cb8}: static [J.<clinit>()V> (0x00000000d5613cb8) 
thrown [s\src\hotspot\share\prims\jni.cpp, line 1111]

ZGC Phase Switch (0 events):
No events

VM Operations (20 events):
Event: 6376.109 Executing VM operation: RendezvousGCThreads
Event: 6376.109 Executing VM operation: RendezvousGCThreads done
Event: 6556.431 Executing VM operation: HandshakeAllThreads (HandshakeForDeflation)
Event: 6556.436 Executing VM operation: HandshakeAllThreads (HandshakeForDeflation) done
Event: 6556.437 Executing VM operation: RendezvousGCThreads
Event: 6556.437 Executing VM operation: RendezvousGCThreads done
Event: 6676.797 Executing VM operation: HandshakeAllThreads (HandshakeForDeflation)
Event: 6676.802 Executing VM operation: HandshakeAllThreads (HandshakeForDeflation) done
Event: 6676.802 Executing VM operation: RendezvousGCThreads
Event: 6676.803 Executing VM operation: RendezvousGCThreads done
Event: 6737.005 Executing VM operation: HandshakeAllThreads (HandshakeForDeflation)
Event: 6737.013 Executing VM operation: HandshakeAllThreads (HandshakeForDeflation) done
Event: 6737.014 Executing VM operation: RendezvousGCThreads
Event: 6737.015 Executing VM operation: RendezvousGCThreads done
Event: 6741.689 Executing VM operation: ParallelGCFailedAllocation (Allocation Failure)
Event: 6742.017 Executing VM operation: ParallelGCFailedAllocation (Allocation Failure) done
Event: 6797.188 Executing VM operation: HandshakeAllThreads (HandshakeForDeflation)
Event: 6797.193 Executing VM operation: HandshakeAllThreads (HandshakeForDeflation) done
Event: 6797.193 Executing VM operation: RendezvousGCThreads
Event: 6797.193 Executing VM operation: RendezvousGCThreads done

Memory protections (0 events):
No events

Nmethod flushes (20 events):
Event: 429.359 Thread 0x0000024dbc9cda80 flushing  nmethod 0x0000024daa81fd90
Event: 429.359 Thread 0x0000024dbc9cda80 flushing  nmethod 0x0000024daa822510
Event: 429.359 Thread 0x0000024dbc9cda80 flushing  nmethod 0x0000024daa822d90
Event: 429.359 Thread 0x0000024dbc9cda80 flushing  nmethod 0x0000024daa823510
Event: 429.359 Thread 0x0000024dbc9cda80 flushing  nmethod 0x0000024daa824790
Event: 429.359 Thread 0x0000024dbc9cda80 flushing  nmethod 0x0000024daa830810
Event: 429.359 Thread 0x0000024dbc9cda80 flushing  nmethod 0x0000024daa834110
Event: 429.359 Thread 0x0000024dbc9cda80 flushing  nmethod 0x0000024daa836490
Event: 429.359 Thread 0x0000024dbc9cda80 flushing  nmethod 0x0000024daa83cd10
Event: 429.359 Thread 0x0000024dbc9cda80 flushing  nmethod 0x0000024daa84e190
Event: 429.359 Thread 0x0000024dbc9cda80 flushing osr nmethod 0x0000024daa852310
Event: 429.359 Thread 0x0000024dbc9cda80 flushing  nmethod 0x0000024daa852b90
Event: 429.359 Thread 0x0000024dbc9cda80 flushing  nmethod 0x0000024daa853290
Event: 429.359 Thread 0x0000024dbc9cda80 flushing  nmethod 0x0000024daa8c1290
Event: 429.359 Thread 0x0000024dbc9cda80 flushing  nmethod 0x0000024daa8c1e10
Event: 429.359 Thread 0x0000024dbc9cda80 flushing  nmethod 0x0000024daa8c3690
Event: 429.359 Thread 0x0000024dbc9cda80 flushing  nmethod 0x0000024daa8c4890
Event: 429.359 Thread 0x0000024dbc9cda80 flushing  nmethod 0x0000024daa8cec90
Event: 429.359 Thread 0x0000024dbc9cda80 flushing osr nmethod 0x0000024daa8ed490
Event: 429.359 Thread 0x0000024dbc9cda80 flushing  nmethod 0x0000024daa929210

Events (20 events):
Event: 449.510 Thread 0x0000024d8409e5f0 Thread exited: 0x0000024d8409e5f0
Event: 470.451 Thread 0x0000024d84098380 Thread added: 0x0000024dfe595040
Event: 470.451 Thread 0x0000024d84098380 Thread added: 0x0000024d8409e5f0
Event: 470.451 Thread 0x0000024d84098380 Thread added: 0x0000024d8409c520
Event: 470.452 Thread 0x0000024d84098380 Thread added: 0x0000024d8409ec80
Event: 470.452 Thread 0x0000024d84098380 Thread added: 0x0000024d8409b800
Event: 471.181 Thread 0x0000024d8409e5f0 Thread exited: 0x0000024d8409e5f0
Event: 471.181 Thread 0x0000024d8409b800 Thread exited: 0x0000024d8409b800
Event: 471.181 Thread 0x0000024dfe595040 Thread exited: 0x0000024dfe595040
Event: 471.181 Thread 0x0000024d8409c520 Thread exited: 0x0000024d8409c520
Event: 471.183 Thread 0x0000024d8409ec80 Thread exited: 0x0000024d8409ec80
Event: 472.255 Thread 0x0000024d84098380 Thread exited: 0x0000024d84098380
Event: 505.739 Thread 0x0000024d840990a0 Thread exited: 0x0000024d840990a0
Event: 530.220 Thread 0x0000024dfe5949b0 Thread exited: 0x0000024dfe5949b0
Event: 532.737 Thread 0x0000024dfe592250 Thread exited: 0x0000024dfe592250
Event: 625.255 Thread 0x0000024d84099730 Thread added: 0x0000024d8409c520
Event: 625.803 Thread 0x0000024d8409c520 Thread exited: 0x0000024d8409c520
Event: 627.211 Thread 0x0000024d84099730 Thread added: 0x0000024d8409c520
Event: 627.262 Thread 0x0000024d8409c520 Thread exited: 0x0000024d8409c520
Event: 770.312 Thread 0x0000024d8409d8d0 Thread exited: 0x0000024d8409d8d0


Dynamic libraries:
0x00007ff7f3c50000 - 0x00007ff7f3c5e000 	c:\Users\Admin\.vscode\extensions\redhat.java-1.45.0-win32-x64\jre\21.0.8-win32-x86_64\bin\java.exe
0x00007ffdef760000 - 0x00007ffdef9c9000 	C:\WINDOWS\SYSTEM32\ntdll.dll
0x00007ffdeec30000 - 0x00007ffdeecf9000 	C:\WINDOWS\System32\KERNEL32.DLL
0x00007ffdecf60000 - 0x00007ffded353000 	C:\WINDOWS\System32\KERNELBASE.dll
0x00007ffdece10000 - 0x00007ffdecf5b000 	C:\WINDOWS\System32\ucrtbase.dll
0x00007ffde94b0000 - 0x00007ffde94c8000 	c:\Users\Admin\.vscode\extensions\redhat.java-1.45.0-win32-x64\jre\21.0.8-win32-x86_64\bin\jli.dll
0x00007ffdeda50000 - 0x00007ffdedc14000 	C:\WINDOWS\System32\USER32.dll
0x00007ffdecc60000 - 0x00007ffdecc87000 	C:\WINDOWS\System32\win32u.dll
0x00007ffdeee30000 - 0x00007ffdeee5b000 	C:\WINDOWS\System32\GDI32.dll
0x00007ffded360000 - 0x00007ffded48d000 	C:\WINDOWS\System32\gdi32full.dll
0x00007ffdecbb0000 - 0x00007ffdecc53000 	C:\WINDOWS\System32\msvcp_win.dll
0x00007ffde9490000 - 0x00007ffde94ae000 	c:\Users\Admin\.vscode\extensions\redhat.java-1.45.0-win32-x64\jre\21.0.8-win32-x86_64\bin\VCRUNTIME140.dll
0x00007ffddac10000 - 0x00007ffddaea3000 	C:\WINDOWS\WinSxS\amd64_microsoft.windows.common-controls_6595b64144ccf1df_6.0.26100.5074_none_3e0d6f78e32fd63f\COMCTL32.dll
0x00007ffdef450000 - 0x00007ffdef4f9000 	C:\WINDOWS\System32\msvcrt.dll
0x00007ffdedc20000 - 0x00007ffdedc4f000 	C:\WINDOWS\System32\IMM32.DLL
0x00007ffdd5850000 - 0x00007ffdd585c000 	c:\Users\Admin\.vscode\extensions\redhat.java-1.45.0-win32-x64\jre\21.0.8-win32-x86_64\bin\vcruntime140_1.dll
0x00007ffdd57c0000 - 0x00007ffdd584d000 	c:\Users\Admin\.vscode\extensions\redhat.java-1.45.0-win32-x64\jre\21.0.8-win32-x86_64\bin\msvcp140.dll
0x00007ffd8b620000 - 0x00007ffd8c3b7000 	c:\Users\Admin\.vscode\extensions\redhat.java-1.45.0-win32-x64\jre\21.0.8-win32-x86_64\bin\server\jvm.dll
0x00007ffdeed00000 - 0x00007ffdeedb4000 	C:\WINDOWS\System32\ADVAPI32.dll
0x00007ffdef500000 - 0x00007ffdef5a6000 	C:\WINDOWS\System32\sechost.dll
0x00007ffdede10000 - 0x00007ffdedf28000 	C:\WINDOWS\System32\RPCRT4.dll
0x00007ffded540000 - 0x00007ffded5b4000 	C:\WINDOWS\System32\WS2_32.dll
0x00007ffdec770000 - 0x00007ffdec7ce000 	C:\WINDOWS\SYSTEM32\POWRPROF.dll
0x00007ffde6630000 - 0x00007ffde6665000 	C:\WINDOWS\SYSTEM32\WINMM.dll
0x00007ffde6670000 - 0x00007ffde667b000 	C:\WINDOWS\SYSTEM32\VERSION.dll
0x00007ffdec730000 - 0x00007ffdec744000 	C:\WINDOWS\SYSTEM32\UMPDC.dll
0x00007ffdeb6d0000 - 0x00007ffdeb6eb000 	C:\WINDOWS\SYSTEM32\kernel.appcore.dll
0x00007ffdd57b0000 - 0x00007ffdd57ba000 	c:\Users\Admin\.vscode\extensions\redhat.java-1.45.0-win32-x64\jre\21.0.8-win32-x86_64\bin\jimage.dll
0x00007ffdea0d0000 - 0x00007ffdea312000 	C:\WINDOWS\SYSTEM32\DBGHELP.DLL
0x00007ffdef0d0000 - 0x00007ffdef44b000 	C:\WINDOWS\System32\combase.dll
0x00007ffdedff0000 - 0x00007ffdee0c7000 	C:\WINDOWS\System32\OLEAUT32.dll
0x00007ffdda4b0000 - 0x00007ffdda4ed000 	C:\WINDOWS\SYSTEM32\dbgcore.DLL
0x00007ffded490000 - 0x00007ffded529000 	C:\WINDOWS\System32\bcryptPrimitives.dll
0x00007ffdd57a0000 - 0x00007ffdd57af000 	c:\Users\Admin\.vscode\extensions\redhat.java-1.45.0-win32-x64\jre\21.0.8-win32-x86_64\bin\instrument.dll
0x00007ffdd5780000 - 0x00007ffdd579f000 	c:\Users\Admin\.vscode\extensions\redhat.java-1.45.0-win32-x64\jre\21.0.8-win32-x86_64\bin\java.dll
0x00007ffdee4e0000 - 0x00007ffdeec2d000 	C:\WINDOWS\System32\SHELL32.dll
0x00007ffdec980000 - 0x00007ffdecaec000 	C:\WINDOWS\System32\wintypes.dll
0x00007ffdea320000 - 0x00007ffdeab79000 	C:\WINDOWS\SYSTEM32\windows.storage.dll
0x00007ffdee0d0000 - 0x00007ffdee1c0000 	C:\WINDOWS\System32\SHCORE.dll
0x00007ffdeedc0000 - 0x00007ffdeee22000 	C:\WINDOWS\System32\shlwapi.dll
0x00007ffdec810000 - 0x00007ffdec839000 	C:\WINDOWS\SYSTEM32\profapi.dll
0x00007ffdd5760000 - 0x00007ffdd5778000 	c:\Users\Admin\.vscode\extensions\redhat.java-1.45.0-win32-x64\jre\21.0.8-win32-x86_64\bin\zip.dll
0x00007ffdd5750000 - 0x00007ffdd5760000 	C:\Users\Admin\.vscode\extensions\redhat.java-1.45.0-win32-x64\jre\21.0.8-win32-x86_64\bin\net.dll
0x00007ffde1010000 - 0x00007ffde112f000 	C:\WINDOWS\SYSTEM32\WINHTTP.dll
0x00007ffdebc50000 - 0x00007ffdebcbb000 	C:\WINDOWS\system32\mswsock.dll
0x00007ffdd5730000 - 0x00007ffdd5746000 	C:\Users\Admin\.vscode\extensions\redhat.java-1.45.0-win32-x64\jre\21.0.8-win32-x86_64\bin\nio.dll
0x00007ffdd5720000 - 0x00007ffdd5730000 	c:\Users\Admin\.vscode\extensions\redhat.java-1.45.0-win32-x64\jre\21.0.8-win32-x86_64\bin\verify.dll
0x00007ffd85210000 - 0x00007ffd85254000 	C:\Users\Admin\AppData\Roaming\Code\User\globalStorage\redhat.java\1.45.0\config_win\org.eclipse.equinox.launcher\org.eclipse.equinox.launcher.win32.win32.x86_64_1.2.1400.v20250801-0854\eclipse_11916.dll
0x00007ffdee1d0000 - 0x00007ffdee368000 	C:\WINDOWS\System32\ole32.dll
0x00007ffdebef0000 - 0x00007ffdebf0b000 	C:\WINDOWS\SYSTEM32\CRYPTSP.dll
0x00007ffdeb630000 - 0x00007ffdeb66b000 	C:\WINDOWS\system32\rsaenh.dll
0x00007ffdebcf0000 - 0x00007ffdebd1b000 	C:\WINDOWS\SYSTEM32\USERENV.dll
0x00007ffdec7e0000 - 0x00007ffdec806000 	C:\WINDOWS\SYSTEM32\bcrypt.dll
0x00007ffdebf10000 - 0x00007ffdebf1c000 	C:\WINDOWS\SYSTEM32\CRYPTBASE.dll
0x00007ffdeb0d0000 - 0x00007ffdeb104000 	C:\WINDOWS\SYSTEM32\IPHLPAPI.DLL
0x00007ffdee370000 - 0x00007ffdee37a000 	C:\WINDOWS\System32\NSI.dll
0x00007ffd698e0000 - 0x00007ffd69929000 	C:\Users\Admin\AppData\Local\Temp\jna-63116079\jna14421292408012332312.dll
0x00007ffdedfe0000 - 0x00007ffdedfe8000 	C:\WINDOWS\System32\PSAPI.DLL
0x00007ffde1160000 - 0x00007ffde117e000 	C:\WINDOWS\SYSTEM32\dhcpcsvc6.DLL
0x00007ffde0f60000 - 0x00007ffde0f83000 	C:\WINDOWS\SYSTEM32\dhcpcsvc.DLL

JVMTI agents:
c:\Users\Admin\.vscode\extensions\redhat.java-1.45.0-win32-x64\lombok\lombok-1.18.39-4050.jar path:c:\Users\Admin\.vscode\extensions\redhat.java-1.45.0-win32-x64\jre\21.0.8-win32-x86_64\bin\instrument.dll, loaded, initialized, instrumentlib options:none

dbghelp: loaded successfully - version: 4.0.5 - missing functions: none
symbol engine: initialized successfully - sym options: 0x614 - pdb path: .;c:\Users\Admin\.vscode\extensions\redhat.java-1.45.0-win32-x64\jre\21.0.8-win32-x86_64\bin;C:\WINDOWS\SYSTEM32;C:\WINDOWS\WinSxS\amd64_microsoft.windows.common-controls_6595b64144ccf1df_6.0.26100.5074_none_3e0d6f78e32fd63f;c:\Users\Admin\.vscode\extensions\redhat.java-1.45.0-win32-x64\jre\21.0.8-win32-x86_64\bin\server;C:\Users\Admin\AppData\Roaming\Code\User\globalStorage\redhat.java\1.45.0\config_win\org.eclipse.equinox.launcher\org.eclipse.equinox.launcher.win32.win32.x86_64_1.2.1400.v20250801-0854;C:\Users\Admin\AppData\Local\Temp\jna-63116079

VM Arguments:
jvm_args: --add-modules=ALL-SYSTEM --add-opens=java.base/java.util=ALL-UNNAMED --add-opens=java.base/java.lang=ALL-UNNAMED --add-opens=java.base/sun.nio.fs=ALL-UNNAMED -Declipse.application=org.eclipse.jdt.ls.core.id1 -Dosgi.bundles.defaultStartLevel=4 -Declipse.product=org.eclipse.jdt.ls.core.product -Djava.import.generatesMetadataFilesAtProjectRoot=false -DDetectVMInstallationsJob.disabled=true -Dfile.encoding=utf8 -XX:+UseParallelGC -XX:GCTimeRatio=4 -XX:AdaptiveSizePolicyWeight=90 -Dsun.zip.disableMemoryMapping=true -Xmx2G -Xms100m -Xlog:disable -javaagent:c:\Users\Admin\.vscode\extensions\redhat.java-1.45.0-win32-x64\lombok\lombok-1.18.39-4050.jar -XX:+HeapDumpOnOutOfMemoryError -XX:HeapDumpPath=c:\Users\Admin\AppData\Roaming\Code\User\workspaceStorage\3b79c0c5324de189f32e620d22eb619d\redhat.java -Daether.dependencyCollector.impl=bf 
java_command: c:\Users\Admin\.vscode\extensions\redhat.java-1.45.0-win32-x64\server\plugins\org.eclipse.equinox.launcher_1.7.0.v20250519-0528.jar -configuration c:\Users\Admin\AppData\Roaming\Code\User\globalStorage\redhat.java\1.45.0\config_win -data c:\Users\Admin\AppData\Roaming\Code\User\workspaceStorage\3b79c0c5324de189f32e620d22eb619d\redhat.java\jdt_ws --pipe=\\.\pipe\lsp-35c399f0226dd1f25e01cc7a01cc73b5-sock
java_class_path (initial): c:\Users\Admin\.vscode\extensions\redhat.java-1.45.0-win32-x64\server\plugins\org.eclipse.equinox.launcher_1.7.0.v20250519-0528.jar
Launcher Type: SUN_STANDARD

[Global flags]
    uintx AdaptiveSizePolicyWeight                 = 90                                        {product} {command line}
     intx CICompilerCount                          = 2                                         {product} {ergonomic}
    uintx GCTimeRatio                              = 4                                         {product} {command line}
     bool HeapDumpOnOutOfMemoryError               = true                                   {manageable} {command line}
    ccstr HeapDumpPath                             = c:\Users\Admin\AppData\Roaming\Code\User\workspaceStorage\3b79c0c5324de189f32e620d22eb619d\redhat.java         {manageable} {command line}
   size_t InitialHeapSize                          = 104857600                                 {product} {command line}
   size_t MaxHeapSize                              = 2147483648                                {product} {command line}
   size_t MaxNewSize                               = 715653120                                 {product} {ergonomic}
   size_t MinHeapDeltaBytes                        = 524288                                    {product} {ergonomic}
   size_t MinHeapSize                              = 104857600                                 {product} {command line}
   size_t NewSize                                  = 34603008                                  {product} {ergonomic}
    uintx NonNMethodCodeHeapSize                   = 5826188                                {pd product} {ergonomic}
    uintx NonProfiledCodeHeapSize                  = 122916026                              {pd product} {ergonomic}
   size_t OldSize                                  = 70254592                                  {product} {ergonomic}
    uintx ProfiledCodeHeapSize                     = 122916026                              {pd product} {ergonomic}
    uintx ReservedCodeCacheSize                    = 251658240                              {pd product} {ergonomic}
     bool SegmentedCodeCache                       = true                                      {product} {ergonomic}
   size_t SoftMaxHeapSize                          = 2147483648                             {manageable} {ergonomic}
     bool UseCompressedOops                        = true                           {product lp64_product} {ergonomic}
     bool UseLargePagesIndividualAllocation        = false                                  {pd product} {ergonomic}
     bool UseParallelGC                            = true                                      {product} {command line}

Logging:
Log output configuration:
 #0: stdout all=off uptime,level,tags foldmultilines=false
 #1: stderr all=off uptime,level,tags foldmultilines=false

Environment Variables:
JAVA_HOME=C:\Program Files\Microsoft\jdk-17.0.16.8-hotspot\
PATH=C:\Program Files\Microsoft\jdk-17.0.16.8-hotspot\bin;C:\Program Files\Common Files\Oracle\Java\javapath;C:\WINDOWS\system32;C:\WINDOWS;C:\WINDOWS\System32\Wbem;C:\WINDOWS\System32\WindowsPowerShell\v1.0\;C:\WINDOWS\System32\OpenSSH\;C:\Program Files\MySQL\MySQL Server 8.0\bin;C:\Program Files\MongoDB\Server\7.0\bin;C:\php-8.3.8-Win32-vs16-x64.zip;process.env.MONGO_URL;C:\ProgramData\chocolatey\bin;C:\Program Files\nodejs\;C:\Users\Admin\AppData\Local\Android\Sdk\platforms;C:\Users\Admin\AppData\Local\Android\Sdk;C:\Users\Admin\AppData\Local\Android\Sdk\platform-tools;C:\Users\Admin\AppData\Local\Android\Sdk\build-tools;C:\Users\Admin\AppData\Local\Android\Sdk\emulator;C:\Program Files\Microsoft\jdk-17.0.16.8-hotspot\bin;C:\Users\Admin\AppData\Local\Android\Sdk\platform-tools;C:\Users\Admin\AppData\Local\Android\Sdk\emulator;C:\Users\Admin\AppData\Local\Android\Sdk\build-tools;C:\Program Files\Git\cmd;C:\Program Files\apache-maven-3.9.11\bin\bin;C:\Program Files\apache-maven-3.9.11\bin;C:\Program Files\apache-maven-3.9.11\bin;C:\Users\Admin\AppData\Local\Android\Sdk\tools;C:\Users\Admin\AppData\Local\Android\Sdk\tools;C:\Program Files\MySQL\MySQL Shell 8.0\bin\;C:\Users\Admin\AppData\Local\Programs\Python\Python311\Scripts\;C:\Users\Admin\AppData\Local\Programs\Python\Python311\;C:\Users\Admin\AppData\Local\Microsoft\WindowsApps;C:\Users\Admin\AppData\Local\Programs\Microsoft VS Code\bin;C:\Program Files\mongosh\;C:\MinGW\bin;C:\Program Files\JetBrains\IntelliJ IDEA Community Edition 2025.1.3\bin;;C:\Users\Admin\AppData\Roaming\npm;C:\Users\Admin\AppData\Local\Android\Sdk\platform-tools;C:\Users\Admin\AppData\Local\Android\Sdk\emulator;C:\Users\Admin\AppData\Local\Android\Sdk\build-tools;C:\Users\Admin\AppData\Local\Android\Sdk\platforms;C:\Program Files\Microsoft\jdk-17.0.16.8-hotspot\bin;C:\Program Files\Microsoft\jdk-17.0.16.8-hotspot\bin;C:\Users\Admin\AppData\Local\Android\Sdk\platform-tools;C:\Users\Admin\AppData\Local\Android\Sdk\emulator;C:\Users\Admin\AppData\Local\Android\Sdk\build-tools;C:\Users\Admin\AppData\Local\GitHubDesktop\bin
USERNAME=Admin
OS=Windows_NT
PROCESSOR_IDENTIFIER=AMD64 Family 23 Model 24 Stepping 1, AuthenticAMD
TMP=C:\Users\Admin\AppData\Local\Temp
TEMP=C:\Users\Admin\AppData\Local\Temp




Periodic native trim disabled

---------------  S Y S T E M  ---------------

OS:
 Windows 11 , 64 bit Build 26100 (10.0.26100.5074)
OS uptime: 0 days 1:56 hours
Hyper-V role detected

CPU: total 2 (initial active 2) (2 cores per cpu, 1 threads per core) family 23 model 24 stepping 1 microcode 0x8108109, cx8, cmov, fxsr, mmx, 3dnowpref, sse, sse2, sse3, ssse3, sse4a, sse4.1, sse4.2, popcnt, lzcnt, tsc, tscinvbit, avx, avx2, aes, clmul, bmi1, bmi2, adx, sha, fma, vzeroupper, clflush, clflushopt, hv, rdtscp, f16c
Processor Information for the first 2 processors :
  Max Mhz: 2300, Current Mhz: 2300, Mhz Limit: 2300

Memory: 4k page, system-wide physical 3534M (124M free)
TotalPageFile size 14286M (AvailPageFile size 16M)
current process WorkingSet (physical memory assigned to process): 7M, peak: 507M
current process commit charge ("private bytes"): 702M, peak: 703M

vm_info: OpenJDK 64-Bit Server VM (21.0.8+9-LTS) for windows-amd64 JRE (21.0.8+9-LTS), built on 2025-07-15T00:00:00Z by "admin" with MS VC++ 17.7 (VS2022)

END.
